Build started 3/5/2015 1:36:08 PM.
     1>Project "C:\Users\jdouglas\documents\visual studio 2013\Projects\Game\Game\Game.vcxproj" on node 2 (Build target(s)).
     1>ClCompile:
         C:\Program Files (x86)\Microsoft Visual Studio 12.0\VC\bin\CL.exe /c /ZI /nologo /W3 /WX- /sdl /Od /Oy- /D _MBCS /Gm /EHsc /RTC1 /MDd /GS /fp:precise /Zc:wchar_t /Zc:forScope /Fo"Debug\\" /Fd"Debug\vc120.pdb" /Gd /TP /analyze- /errorReport:prompt GLSLProgram.cpp Game.cpp Sprite.cpp main.cpp
         Sprite.cpp
     1>c:\users\jdouglas\documents\visual studio 2013\projects\game\game\sprite.cpp(22): warning C4244: '=' : conversion from 'float' to 'int', possible loss of data
     1>c:\users\jdouglas\documents\visual studio 2013\projects\game\game\sprite.cpp(23): warning C4244: '=' : conversion from 'float' to 'int', possible loss of data
         Game.cpp
         GLSLProgram.cpp
         Generating Code...
         Compiling...
         main.cpp
         Generating Code...
       Link:
         C:\Program Files (x86)\Microsoft Visual Studio 12.0\VC\bin\link.exe /ERRORREPORT:PROMPT /OUT:"C:\Users\jdouglas\documents\visual studio 2013\Projects\Game\Debug\Game.exe" /INCREMENTAL /NOLOGO opengl32.lib glew32.lib SDL2.lib SDL2main.lib kernel32.lib user32.lib gdi32.lib winspool.lib comdlg32.lib advapi32.lib shell32.lib ole32.lib oleaut32.lib uuid.lib odbc32.lib odbccp32.lib /MANIFEST /MANIFESTUAC:"level='asInvoker' uiAccess='false'" /manifest:embed /DEBUG /PDB:"C:\Users\jdouglas\documents\visual studio 2013\Projects\Game\Debug\Game.pdb" /SUBSYSTEM:CONSOLE /TLBID:1 /DYNAMICBASE /NXCOMPAT /IMPLIB:"C:\Users\jdouglas\documents\visual studio 2013\Projects\Game\Debug\Game.lib" /MACHINE:X86 Debug\Errors.obj
         Debug\Game.obj
         Debug\GLSLProgram.obj
         Debug\main.obj
         Debug\Sprite.obj
         Game.vcxproj -> C:\Users\jdouglas\documents\visual studio 2013\Projects\Game\Debug\Game.exe
     1>Done Building Project "C:\Users\jdouglas\documents\visual studio 2013\Projects\Game\Game\Game.vcxproj" (Build target(s)).

Build succeeded.

Time Elapsed 00:00:02.01
